%!Adobe-FontList 1.13
%Locale:0x40c

%BeginFont
Handler:DirectoryHandler
FontType:Type1
FontName:Quadranta-Bold
FamilyName:Quadranta
StyleName:Bold
FullName:Quadranta Bold
MenuName:Quadranta
StyleBits:2
WritingScript:Roman
OutlineFileName:C:\wamp\www\FuryGame\webroot\img\Font\Quadranta-Bold.otf
DataFormat:sfntData
UsesStandardEncoding:yes
isCFF:yes
FileLength:20200
FileModTime:1266907308
WeightClass:700
WidthClass:5
AngleClass:0
%EndFont

%BeginFont
Handler:DirectoryHandler
FontType:Type1
FontName:Quadranta
FamilyName:Quadranta
StyleName:Regular
FullName:Quadranta
MenuName:Quadranta
StyleBits:0
WritingScript:Roman
OutlineFileName:C:\wamp\www\FuryGame\webroot\img\Font\Quadranta-Regular.otf
DataFormat:sfntData
UsesStandardEncoding:yes
isCFF:yes
FileLength:19096
FileModTime:1266907334
WeightClass:400
WidthClass:5
AngleClass:0
%EndFont

